[35mmonoclient:build[0m: cache hit, replaying output [2m3893df83aca6d08e[0m
[35mmonoclient:build: [0m
[35mmonoclient:build: [0m> monoclient@0.0.0 build
[35mmonoclient:build: [0m> ng build
[35mmonoclient:build: [0m
[35mmonoclient:build: [0m- Generating browser application bundles (phase: setup)...
[35mmonoclient:build: [0m✔ Browser application bundle generation complete.
[35mmonoclient:build: [0m✔ Browser application bundle generation complete.
[35mmonoclient:build: [0m- Copying assets...
[35mmonoclient:build: [0m✔ Copying assets complete.
[35mmonoclient:build: [0m- Generating index html...
[35mmonoclient:build: [0m✔ Index html generation complete.
[35mmonoclient:build: [0m
[35mmonoclient:build: [0mInitial Chunk Files           | Names         |  Raw Size | Estimated Transfer Size
[35mmonoclient:build: [0mmain.34cd0a9d40a4a660.js      | main          | 186.61 kB |                50.01 kB
[35mmonoclient:build: [0mpolyfills.b897d0e464e2bc5c.js | polyfills     |  33.07 kB |                10.64 kB
[35mmonoclient:build: [0mruntime.c8c546f735a04c95.js   | runtime       |   1.04 kB |               599 bytes
[35mmonoclient:build: [0mstyles.ef46db3751d8e999.css   | styles        |   0 bytes |                       -
[35mmonoclient:build: [0m
[35mmonoclient:build: [0m| Initial Total | 220.73 kB |                61.23 kB
[35mmonoclient:build: [0m
[35mmonoclient:build: [0mBuild at: 2022-09-16T14:34:35.526Z - Hash: 39fe87c572cd8834 - Time: 1672ms
